
> elagant-music-app@0.0.0 dev
> vite


> elagant-music-app@0.0.0 dev /home/userland/webstack_portfolio/Latent/Latent-FrontEnd
> vite


> elagant-music-app@0.0.0 dev
> vite


> elagant-music-app@0.0.0 dev
> vite


> elagant-music-app@0.0.0 dev
> vite


  vite v2.9.16 dev server running at:

  > Local: http://localhost:3000/
  > Network: use `--host` to expose

  ready in 2928ms.


> elagant-music-app@0.0.0 dev
> vite


  vite v2.9.16 dev server running at:

  > Local: http://localhost:3000/
  > Network: use `--host` to expose

  ready in 2882ms.


> elagant-music-app@0.0.0 dev
> vite


> elagant-music-app@0.0.0 dev
> vite


> elagant-music-app@0.0.0 dev
> vite


> elagant-music-app@0.0.0 dev
> vite


> elagant-music-app@0.0.0 dev
> vite


> elagant-music-app@0.0.0 dev
> vite


> elagant-music-app@0.0.0 dev
> vite


> elagant-music-app@0.0.0 dev
> vite


> elagant-music-app@0.0.0 dev
> vite


  vite v2.9.16 dev server running at:

  > Local: http://localhost:3000/
  > Network: use `--host` to expose

  ready in 2877ms.


> elagant-music-app@0.0.0 dev
> vite


  vite v2.9.16 dev server running at:

  > Local: http://localhost:3000/
  > Network: use `--host` to expose

  ready in 2530ms.


> elagant-music-app@0.0.0 dev
> vite


  vite v2.9.16 dev server running at:

  > Local: http://localhost:3000/
  > Network: use `--host` to expose

  ready in 5871ms.

1:47:30 PM [vite] hmr update /src/components/HouseCard.jsx
hmr update /src/index.css
1:47:31 PM [vite] hmr update /src/components/Testimonial.jsx
hmr update /src/index.css
1:47:31 PM [vite] hmr update /src/pages/House.jsx
hmr update /src/index.css
hmr update /src/components/HouseCard.jsx
hmr update /src/index.css
hmr update /src/index.css
1:47:31 PM [vite] hmr update /src/pages/House.jsx
hmr update /src/index.css
